<?xml version="1.0" encoding="UTF-8"?>
<!-- Generated by org.testng.reporters.JUnitReportReporter -->
<testsuite skipped="0" hostname="DESKTOP-996CEA1" name="RecordTest.RecordingTest" tests="1" failures="0" timestamp="2020-06-04T17:54:33 IST" time="8.172" errors="0">
  <testcase name="verifyLinks" time="8.172" classname="RecordTest.RecordingTest"/>
  <system-out/>
</testsuite> <!-- RecordTest.RecordingTest -->
