<?xml version="1.0" encoding="UTF-8"?>
<!-- Generated by org.testng.reporters.JUnitReportReporter -->
<testsuite skipped="0" hostname="DESKTOP-996CEA1" name="TestngDemo.TestNGGoogleTest" tests="5" failures="0" timestamp="2020-06-04T17:54:33 IST" time="53.304" errors="0">
  <testcase name="tuv" time="7.828" classname="TestngDemo.TestNGGoogleTest"/>
  <system-out/>
  <testcase name="xyz" time="11.659" classname="TestngDemo.TestNGGoogleTest"/>
  <system-out/>
  <testcase name="abc" time="11.175" classname="TestngDemo.TestNGGoogleTest"/>
  <system-out/>
  <testcase name="pqr" time="11.493" classname="TestngDemo.TestNGGoogleTest"/>
  <system-out/>
  <testcase name="def" time="11.149" classname="TestngDemo.TestNGGoogleTest"/>
  <system-out/>
</testsuite> <!-- TestngDemo.TestNGGoogleTest -->
