<?xml version="1.0" encoding="UTF-8"?>
<!-- Generated by org.testng.reporters.JUnitReportReporter -->
<testsuite skipped="0" hostname="DESKTOP-996CEA1" name="TestngDemo.InvocationCountTest" tests="11" failures="0" timestamp="2020-06-04T17:54:33 IST" time="0.027" errors="0">
  <testcase name="test" time="0.002" classname="TestngDemo.InvocationCountTest"/>
  <system-out/>
  <testcase name="test" time="0.002" classname="TestngDemo.InvocationCountTest"/>
  <system-out/>
  <testcase name="test" time="0.002" classname="TestngDemo.InvocationCountTest"/>
  <system-out/>
  <testcase name="test1" time="0.006" classname="TestngDemo.InvocationCountTest"/>
  <system-out/>
  <testcase name="test" time="0.000" classname="TestngDemo.InvocationCountTest"/>
  <system-out/>
  <testcase name="test" time="0.002" classname="TestngDemo.InvocationCountTest"/>
  <system-out/>
  <testcase name="test" time="0.001" classname="TestngDemo.InvocationCountTest"/>
  <system-out/>
  <testcase name="test" time="0.004" classname="TestngDemo.InvocationCountTest"/>
  <system-out/>
  <testcase name="test" time="0.003" classname="TestngDemo.InvocationCountTest"/>
  <system-out/>
  <testcase name="test" time="0.002" classname="TestngDemo.InvocationCountTest"/>
  <system-out/>
  <testcase name="test" time="0.003" classname="TestngDemo.InvocationCountTest"/>
  <system-out/>
</testsuite> <!-- TestngDemo.InvocationCountTest -->
