<?xml version="1.0" encoding="UTF-8"?>
<!-- Generated by org.testng.reporters.JUnitReportReporter -->
<testsuite skipped="0" hostname="DESKTOP-996CEA1" name="TestngDemo.TestNGAnnotations" tests="2" failures="0" timestamp="2020-06-04T17:54:33 IST" time="0.023" errors="0">
  <testcase name="test2" time="0.006" classname="TestngDemo.TestNGAnnotations"/>
  <system-out/>
  <testcase name="test1" time="0.017" classname="TestngDemo.TestNGAnnotations"/>
  <system-out/>
</testsuite> <!-- TestngDemo.TestNGAnnotations -->
