<?xml version="1.0" encoding="UTF-8"?>
<!-- Generated by org.testng.reporters.JUnitReportReporter -->
<testsuite skipped="1" hostname="DESKTOP-996CEA1" name="TestngDemo.DataProviderDemo" tests="1" failures="0" timestamp="2020-06-05T16:29:40 IST" time="0.000" errors="0">
  <testcase name="test" time="0.000" classname="TestngDemo.DataProviderDemo">
    <skipped/>
  </testcase> <!-- test -->
  <system-out/>
</testsuite> <!-- TestngDemo.DataProviderDemo -->
